# JRE version: Java(TM) SE Runtime Environment (8.0_91-b14) (build 1.8.0_91-b14)
# Java VM: Java HotSpot(TM) 64-Bit Server VM (25.91-b14 mixed mode linux-amd64 compressed oops)
Heap:
 PSYoungGen      total 294400K, used 1913K [0x00000000eab00000, 0x0000000100000000, 0x0000000100000000)
  eden space 239616K, 0% used [0x00000000eab00000,0x00000000eacde5b0,0x00000000f9500000)
  from space 54784K, 0% used [0x00000000f9500000,0x00000000f9500000,0x00000000fca80000)
  to   space 54784K, 0% used [0x00000000fca80000,0x00000000fca80000,0x0000000100000000)
 ParOldGen       total 699392K, used 73652K [0x00000000c0000000, 0x00000000eab00000, 0x00000000eab00000)
  object space 699392K, 10% used [0x00000000c0000000,0x00000000c47ed350,0x00000000eab00000)
 Metaspace       used 130905K, capacity 132083K, committed 134312K, reserved 1161216K
  class space    used 21831K, capacity 22270K, committed 22704K, reserved 1048576K
GC Heap History (10 events):
Event: 1004,930 GC heap before
{Heap before GC invocations=35 (full 15):
 PSYoungGen      total 309760K, used 32K [0x00000000eab00000, 0x0000000100000000, 0x0000000100000000)
  eden space 269824K, 0% used [0x00000000eab00000,0x00000000eab00000,0x00000000fb280000)
  from space 39936K, 0% used [0x00000000fd900000,0x00000000fd908000,0x0000000100000000)
  to   space 39424K, 0% used [0x00000000fb280000,0x00000000fb280000,0x00000000fd900000)
 ParOldGen       total 699392K, used 74695K [0x00000000c0000000, 0x00000000eab00000, 0x00000000eab00000)
  object space 699392K, 10% used [0x00000000c0000000,0x00000000c48f1f28,0x00000000eab00000)
 Metaspace       used 97955K, capacity 99012K, committed 100648K, reserved 1132544K
  class space    used 16840K, capacity 17215K, committed 17456K, reserved 1048576K
Event: 1005,184 GC heap after
Heap after GC invocations=35 (full 15):
 PSYoungGen      total 309760K, used 0K [0x00000000eab00000, 0x0000000100000000, 0x0000000100000000)
  eden space 269824K, 0% used [0x00000000eab00000,0x00000000eab00000,0x00000000fb280000)
  from space 39936K, 0% used [0x00000000fd900000,0x00000000fd900000,0x0000000100000000)
  to   space 39424K, 0% used [0x00000000fb280000,0x00000000fb280000,0x00000000fd900000)
 ParOldGen       total 699392K, used 67160K [0x00000000c0000000, 0x00000000eab00000, 0x00000000eab00000)
  object space 699392K, 9% used [0x00000000c0000000,0x00000000c4196000,0x00000000eab00000)
 Metaspace       used 97955K, capacity 99012K, committed 100648K, reserved 1132544K
  class space    used 16840K, capacity 17215K, committed 17456K, reserved 1048576K
}
Event: 1029,395 GC heap before
{Heap before GC invocations=36 (full 15):
 PSYoungGen      total 309760K, used 269824K [0x00000000eab00000, 0x0000000100000000, 0x0000000100000000)
  eden space 269824K, 100% used [0x00000000eab00000,0x00000000fb280000,0x00000000fb280000)
  from space 39936K, 0% used [0x00000000fd900000,0x00000000fd900000,0x0000000100000000)
  to   space 39424K, 0% used [0x00000000fb280000,0x00000000fb280000,0x00000000fd900000)
 ParOldGen       total 699392K, used 67160K [0x00000000c0000000, 0x00000000eab00000, 0x00000000eab00000)
  object space 699392K, 9% used [0x00000000c0000000,0x00000000c4196000,0x00000000eab00000)
 Metaspace       used 98977K, capacity 100234K, committed 100648K, reserved 1132544K
  class space    used 16931K, capacity 17350K, committed 17456K, reserved 1048576K
Event: 1029,431 GC heap after
Heap after GC invocations=36 (full 15):
 PSYoungGen      total 309248K, used 13117K [0x00000000eab00000, 0x0000000100000000, 0x0000000100000000)
  eden space 269824K, 0% used [0x00000000eab00000,0x00000000eab00000,0x00000000fb280000)
  from space 39424K, 33% used [0x00000000fb280000,0x00000000fbf4f4b8,0x00000000fd900000)
  to   space 37376K, 0% used [0x00000000fdb80000,0x00000000fdb80000,0x0000000100000000)
 ParOldGen       total 699392K, used 67168K [0x00000000c0000000, 0x00000000eab00000, 0x00000000eab00000)
  object space 699392K, 9% used [0x00000000c0000000,0x00000000c4198000,0x00000000eab00000)
 Metaspace       used 98977K, capacity 100234K, committed 100648K, reserved 1132544K
  class space    used 16931K, capacity 17350K, committed 17456K, reserved 1048576K
}
Event: 2733,627 GC heap before
{Heap before GC invocations=37 (full 15):
 PSYoungGen      total 309248K, used 282912K [0x00000000eab00000, 0x0000000100000000, 0x0000000100000000)
  eden space 269824K, 99% used [0x00000000eab00000,0x00000000fb278e70,0x00000000fb280000)
  from space 39424K, 33% used [0x00000000fb280000,0x00000000fbf4f4b8,0x00000000fd900000)
  to   space 37376K, 0% used [0x00000000fdb80000,0x00000000fdb80000,0x0000000100000000)
 ParOldGen       total 699392K, used 67168K [0x00000000c0000000, 0x00000000eab00000, 0x00000000eab00000)
  object space 699392K, 9% used [0x00000000c0000000,0x00000000c4198000,0x00000000eab00000)
 Metaspace       used 122610K, capacity 124033K, committed 124328K, reserved 1153024K
  class space    used 20823K, capacity 21312K, committed 21424K, reserved 1048576K
Event: 2754,170 GC heap after
Heap after GC invocations=37 (full 15):
 PSYoungGen      total 276992K, used 37362K [0x00000000eab00000, 0x0000000100000000, 0x0000000100000000)
  eden space 239616K, 0% used [0x00000000eab00000,0x00000000eab00000,0x00000000f9500000)
  from space 37376K, 99% used [0x00000000fdb80000,0x00000000ffffc8f8,0x0000000100000000)
  to   space 54784K, 0% used [0x00000000f9500000,0x00000000f9500000,0x00000000fca80000)
 ParOldGen       total 699392K, used 96573K [0x00000000c0000000, 0x00000000eab00000, 0x00000000eab00000)
  object space 699392K, 13% used [0x00000000c0000000,0x00000000c5e4f650,0x00000000eab00000)
 Metaspace       used 122610K, capacity 124033K, committed 124328K, reserved 1153024K
  class space    used 20823K, capacity 21312K, committed 21424K, reserved 1048576K
}
Event: 2772,488 GC heap before
{Heap before GC invocations=38 (full 15):
 PSYoungGen      total 276992K, used 178004K [0x00000000eab00000, 0x0000000100000000, 0x0000000100000000)
  eden space 239616K, 58% used [0x00000000eab00000,0x00000000f3458800,0x00000000f9500000)
  from space 37376K, 99% used [0x00000000fdb80000,0x00000000ffffc8f8,0x0000000100000000)
  to   space 54784K, 0% used [0x00000000f9500000,0x00000000f9500000,0x00000000fca80000)
 ParOldGen       total 699392K, used 96573K [0x00000000c0000000, 0x00000000eab00000, 0x00000000eab00000)
  object space 699392K, 13% used [0x00000000c0000000,0x00000000c5e4f650,0x00000000eab00000)
 Metaspace       used 132407K, capacity 133831K, committed 134312K, reserved 1161216K
  class space    used 22109K, capacity 22593K, committed 22704K, reserved 1048576K
Event: 2773,467 GC heap after
Heap after GC invocations=38 (full 15):
 PSYoungGen      total 294400K, used 54778K [0x00000000eab00000, 0x0000000100000000, 0x0000000100000000)
  eden space 239616K, 0% used [0x00000000eab00000,0x00000000eab00000,0x00000000f9500000)
  from space 54784K, 99% used [0x00000000f9500000,0x00000000fca7e908,0x00000000fca80000)
  to   space 54784K, 0% used [0x00000000fca80000,0x00000000fca80000,0x0000000100000000)
 ParOldGen       total 699392K, used 103148K [0x00000000c0000000, 0x00000000eab00000, 0x00000000eab00000)
  object space 699392K, 14% used [0x00000000c0000000,0x00000000c64bb248,0x00000000eab00000)
 Metaspace       used 132407K, capacity 133831K, committed 134312K, reserved 1161216K
  class space    used 22109K, capacity 22593K, committed 22704K, reserved 1048576K
}
Event: 2773,467 GC heap before
{Heap before GC invocations=39 (full 16):
 PSYoungGen      total 294400K, used 54778K [0x00000000eab00000, 0x0000000100000000, 0x0000000100000000)
  eden space 239616K, 0% used [0x00000000eab00000,0x00000000eab00000,0x00000000f9500000)
  from space 54784K, 99% used [0x00000000f9500000,0x00000000fca7e908,0x00000000fca80000)
  to   space 54784K, 0% used [0x00000000fca80000,0x00000000fca80000,0x0000000100000000)
 ParOldGen       total 699392K, used 103148K [0x00000000c0000000, 0x00000000eab00000, 0x00000000eab00000)
  object space 699392K, 14% used [0x00000000c0000000,0x00000000c64bb248,0x00000000eab00000)
 Metaspace       used 132407K, capacity 133831K, committed 134312K, reserved 1161216K
  class space    used 22109K, capacity 22593K, committed 22704K, reserved 1048576K
Event: 2804,312 GC heap after
Heap after GC invocations=39 (full 16):
 PSYoungGen      total 294400K, used 0K [0x00000000eab00000, 0x0000000100000000, 0x0000000100000000)
  eden space 239616K, 0% used [0x00000000eab00000,0x00000000eab00000,0x00000000f9500000)
  from space 54784K, 0% used [0x00000000f9500000,0x00000000f9500000,0x00000000fca80000)
  to   space 54784K, 0% used [0x00000000fca80000,0x00000000fca80000,0x0000000100000000)
 ParOldGen       total 699392K, used 73652K [0x00000000c0000000, 0x00000000eab00000, 0x00000000eab00000)
  object space 699392K, 10% used [0x00000000c0000000,0x00000000c47ed350,0x00000000eab00000)
 Metaspace       used 130905K, capacity 132083K, committed 134312K, reserved 1161216K
  class space    used 21831K, capacity 22270K, committed 22704K, reserved 1048576K
}

